Copyright 1986-2019 Xilinx, Inc. All Rights Reserved.
------------------------------------------------------------------------------------
| Tool Version : Vivado v.2019.1 (lin64) Build 2552052 Fri May 24 14:47:09 MDT 2019
| Date         : Fri Jan 31 15:13:26 2020
| Host         : ensipc456 running 64-bit CentOS Linux release 7.7.1908 (Core)
| Command      : report_timing_summary -file compteurgene_timing.rpt
| Design       : compteurgene
| Device       : 7z010-clg400
| Speed File   : -1  PRODUCTION 1.11 2014-09-11
------------------------------------------------------------------------------------

Timing Summary Report

------------------------------------------------------------------------------------------------
| Timer Settings
| --------------
------------------------------------------------------------------------------------------------

  Enable Multi Corner Analysis               :  Yes
  Enable Pessimism Removal                   :  Yes
  Pessimism Removal Resolution               :  Nearest Common Node
  Enable Input Delay Default Clock           :  No
  Enable Preset / Clear Arcs                 :  No
  Disable Flight Delays                      :  No
  Ignore I/O Paths                           :  No
  Timing Early Launch at Borrowing Latches   :  No
  Borrow Time for Max Delay Exceptions       :  Yes

  Corner  Analyze    Analyze    
  Name    Max Paths  Min Paths  
  ------  ---------  ---------  
  Slow    Yes        Yes        
  Fast    Yes        Yes        



check_timing report

Table of Contents
-----------------
1. checking no_clock
2. checking constant_clock
3. checking pulse_width_clock
4. checking unconstrained_internal_endpoints
5. checking no_input_delay
6. checking no_output_delay
7. checking multiple_clock
8. checking generated_clocks
9. checking loops
10. checking partial_input_delay
11. checking partial_output_delay
12. checking latch_loops

1. checking no_clock
--------------------
 There are 0 register/latch pins with no clock.


2. checking constant_clock
--------------------------
 There are 0 register/latch pins with constant_clock.


3. checking pulse_width_clock
-----------------------------
 There are 0 register/latch pins which need pulse_width check


4. checking unconstrained_internal_endpoints
--------------------------------------------
 There are 0 pins that are not constrained for maximum delay.

 There are 0 pins that are not constrained for maximum delay due to constant clock.


5. checking no_input_delay
--------------------------
 There is 1 input port with no input delay specified. (HIGH)

 There are 0 input ports with no input delay but user has a false path constraint.


6. checking no_output_delay
---------------------------
 There are 8 ports with no output delay specified. (HIGH)

 There are 0 ports with no output delay but user has a false path constraint

 There are 0 ports with no output delay but with a timing clock defined on it or propagating through it


7. checking multiple_clock
--------------------------
 There are 0 register/latch pins with multiple clocks.


8. checking generated_clocks
----------------------------
 There are 0 generated clocks that are not connected to a clock source.


9. checking loops
-----------------
 There are 0 combinational loops in the design.


10. checking partial_input_delay
--------------------------------
 There are 0 input ports with partial input delay specified.


11. checking partial_output_delay
---------------------------------
 There are 0 ports with partial output delay specified.


12. checking latch_loops
------------------------
 There are 0 combinational latch loops in the design through latch input



------------------------------------------------------------------------------------------------
| Design Timing Summary
| ---------------------
------------------------------------------------------------------------------------------------

    WNS(ns)      TNS(ns)  TNS Failing Endpoints  TNS Total Endpoints      WHS(ns)      THS(ns)  THS Failing Endpoints  THS Total Endpoints     WPWS(ns)     TPWS(ns)  TPWS Failing Endpoints  TPWS Total Endpoints  
    -------      -------  ---------------------  -------------------      -------      -------  ---------------------  -------------------     --------     --------  ----------------------  --------------------  
      5.554        0.000                      0                    8        0.136        0.000                      0                    8        3.500        0.000                       0                     9  


All user specified timing constraints are met.


------------------------------------------------------------------------------------------------
| Clock Summary
| -------------
------------------------------------------------------------------------------------------------

Clock        Waveform(ns)         Period(ns)      Frequency(MHz)
-----        ------------         ----------      --------------
sys_clk_pin  {0.000 4.000}        8.000           125.000         


------------------------------------------------------------------------------------------------
| Intra Clock Table
| -----------------
------------------------------------------------------------------------------------------------

Clock             WNS(ns)      TNS(ns)  TNS Failing Endpoints  TNS Total Endpoints      WHS(ns)      THS(ns)  THS Failing Endpoints  THS Total Endpoints     WPWS(ns)     TPWS(ns)  TPWS Failing Endpoints  TPWS Total Endpoints  
-----             -------      -------  ---------------------  -------------------      -------      -------  ---------------------  -------------------     --------     --------  ----------------------  --------------------  
sys_clk_pin         5.554        0.000                      0                    8        0.136        0.000                      0                    8        3.500        0.000                       0                     9  


------------------------------------------------------------------------------------------------
| Inter Clock Table
| -----------------
------------------------------------------------------------------------------------------------

From Clock    To Clock          WNS(ns)      TNS(ns)  TNS Failing Endpoints  TNS Total Endpoints      WHS(ns)      THS(ns)  THS Failing Endpoints  THS Total Endpoints  
----------    --------          -------      -------  ---------------------  -------------------      -------      -------  ---------------------  -------------------  


------------------------------------------------------------------------------------------------
| Other Path Groups Table
| -----------------------
------------------------------------------------------------------------------------------------

Path Group    From Clock    To Clock          WNS(ns)      TNS(ns)  TNS Failing Endpoints  TNS Total Endpoints      WHS(ns)      THS(ns)  THS Failing Endpoints  THS Total Endpoints  
----------    ----------    --------          -------      -------  ---------------------  -------------------      -------      -------  ---------------------  -------------------  


------------------------------------------------------------------------------------------------
| Timing Details
| --------------
------------------------------------------------------------------------------------------------


---------------------------------------------------------------------------------------------------
From Clock:  sys_clk_pin
  To Clock:  sys_clk_pin

Setup :            0  Failing Endpoints,  Worst Slack        5.554ns,  Total Violation        0.000ns
Hold  :            0  Failing Endpoints,  Worst Slack        0.136ns,  Total Violation        0.000ns
PW    :            0  Failing Endpoints,  Worst Slack        3.500ns,  Total Violation        0.000ns
---------------------------------------------------------------------------------------------------


Max Delay Paths
--------------------------------------------------------------------------------------
Slack (MET) :             5.554ns  (required time - arrival time)
  Source:                 CPTgene/q_reg[1]/C
                            (rising edge-triggered cell FDRE clocked by sys_clk_pin  {rise@0.000ns fall@4.000ns period=8.000ns})
  Destination:            CPTgene/q_reg[5]/D
                            (rising edge-triggered cell FDRE clocked by sys_clk_pin  {rise@0.000ns fall@4.000ns period=8.000ns})
  Path Group:             sys_clk_pin
  Path Type:              Setup (Max at Slow Process Corner)
  Requirement:            8.000ns  (sys_clk_pin rise@8.000ns - sys_clk_pin rise@0.000ns)
  Data Path Delay:        2.328ns  (logic 1.478ns (63.488%)  route 0.850ns (36.512%))
  Logic Levels:           2  (CARRY4=2)
  Clock Path Skew:        -0.145ns (DCD - SCD + CPR)
    Destination Clock Delay (DCD):    2.138ns = ( 10.138 - 8.000 ) 
    Source Clock Delay      (SCD):    2.467ns
    Clock Pessimism Removal (CPR):    0.184ns
  Clock Uncertainty:      0.035ns  ((TSJ^2 + TIJ^2)^1/2 + DJ) / 2 + PE
    Total System Jitter     (TSJ):    0.071ns
    Total Input Jitter      (TIJ):    0.000ns
    Discrete Jitter          (DJ):    0.000ns
    Phase Error              (PE):    0.000ns

    Location             Delay type                Incr(ns)  Path(ns)    Netlist Resource(s)
  -------------------------------------------------------------------    -------------------
                         (clock sys_clk_pin rise edge)
                                                      0.000     0.000 r  
                                                      0.000     0.000 r  clk (IN)
                         net (fo=0)                   0.000     0.000    clk
                         IBUF (Prop_ibuf_I_O)         0.982     0.982 r  clk_IBUF_inst/O
                         net (fo=1, unplaced)         0.800     1.782    clk_IBUF
                         BUFG (Prop_bufg_I_O)         0.101     1.883 r  clk_IBUF_BUFG_inst/O
                         net (fo=8, unplaced)         0.584     2.467    CPTgene/clk
                         FDRE                                         r  CPTgene/q_reg[1]/C
  -------------------------------------------------------------------    -------------------
                         FDRE (Prop_fdre_C_Q)         0.456     2.923 r  CPTgene/q_reg[1]/Q
                         net (fo=2, unplaced)         0.850     3.773    CPTgene/out[1]
                         CARRY4 (Prop_carry4_S[1]_CO[3])
                                                      0.674     4.447 r  CPTgene/q_reg[0]_i_1/CO[3]
                         net (fo=1, unplaced)         0.000     4.447    CPTgene/q_reg[0]_i_1_n_0
                         CARRY4 (Prop_carry4_CI_O[1])
                                                      0.348     4.795 r  CPTgene/q_reg[4]_i_1/O[1]
                         net (fo=1, unplaced)         0.000     4.795    CPTgene/q_reg[4]_i_1_n_6
                         FDRE                                         r  CPTgene/q_reg[5]/D
  -------------------------------------------------------------------    -------------------

                         (clock sys_clk_pin rise edge)
                                                      8.000     8.000 r  
                                                      0.000     8.000 r  clk (IN)
                         net (fo=0)                   0.000     8.000    clk
                         IBUF (Prop_ibuf_I_O)         0.849     8.849 r  clk_IBUF_inst/O
                         net (fo=1, unplaced)         0.760     9.608    clk_IBUF
                         BUFG (Prop_bufg_I_O)         0.091     9.699 r  clk_IBUF_BUFG_inst/O
                         net (fo=8, unplaced)         0.439    10.138    CPTgene/clk
                         FDRE                                         r  CPTgene/q_reg[5]/C
                         clock pessimism              0.184    10.322    
                         clock uncertainty           -0.035    10.287    
                         FDRE (Setup_fdre_C_D)        0.062    10.349    CPTgene/q_reg[5]
  -------------------------------------------------------------------
                         required time                         10.349    
                         arrival time                          -4.795    
  -------------------------------------------------------------------
                         slack                                  5.554    





Min Delay Paths
--------------------------------------------------------------------------------------
Slack (MET) :             0.136ns  (arrival time - required time)
  Source:                 CPTgene/q_reg[0]/C
                            (rising edge-triggered cell FDRE clocked by sys_clk_pin  {rise@0.000ns fall@4.000ns period=8.000ns})
  Destination:            CPTgene/q_reg[0]/D
                            (rising edge-triggered cell FDRE clocked by sys_clk_pin  {rise@0.000ns fall@4.000ns period=8.000ns})
  Path Group:             sys_clk_pin
  Path Type:              Hold (Min at Fast Process Corner)
  Requirement:            0.000ns  (sys_clk_pin rise@0.000ns - sys_clk_pin rise@0.000ns)
  Data Path Delay:        0.386ns  (logic 0.256ns (66.351%)  route 0.130ns (33.649%))
  Logic Levels:           2  (CARRY4=1 LUT1=1)
  Clock Path Skew:        0.145ns (DCD - SCD - CPR)
    Destination Clock Delay (DCD):    1.043ns
    Source Clock Delay      (SCD):    0.688ns
    Clock Pessimism Removal (CPR):    0.210ns

    Location             Delay type                Incr(ns)  Path(ns)    Netlist Resource(s)
  -------------------------------------------------------------------    -------------------
                         (clock sys_clk_pin rise edge)
                                                      0.000     0.000 r  
                                                      0.000     0.000 r  clk (IN)
                         net (fo=0)                   0.000     0.000    clk
                         IBUF (Prop_ibuf_I_O)         0.211     0.211 r  clk_IBUF_inst/O
                         net (fo=1, unplaced)         0.337     0.548    clk_IBUF
                         BUFG (Prop_bufg_I_O)         0.026     0.574 r  clk_IBUF_BUFG_inst/O
                         net (fo=8, unplaced)         0.114     0.688    CPTgene/clk
                         FDRE                                         r  CPTgene/q_reg[0]/C
  -------------------------------------------------------------------    -------------------
                         FDRE (Prop_fdre_C_Q)         0.141     0.829 f  CPTgene/q_reg[0]/Q
                         net (fo=2, unplaced)         0.130     0.959    CPTgene/out[0]
                         LUT1 (Prop_lut1_I0_O)        0.045     1.004 r  CPTgene/q[0]_i_2/O
                         net (fo=1, unplaced)         0.000     1.004    CPTgene/q[0]_i_2_n_0
                         CARRY4 (Prop_carry4_S[0]_O[0])
                                                      0.070     1.074 r  CPTgene/q_reg[0]_i_1/O[0]
                         net (fo=1, unplaced)         0.000     1.074    CPTgene/q_reg[0]_i_1_n_7
                         FDRE                                         r  CPTgene/q_reg[0]/D
  -------------------------------------------------------------------    -------------------

                         (clock sys_clk_pin rise edge)
                                                      0.000     0.000 r  
                                                      0.000     0.000 r  clk (IN)
                         net (fo=0)                   0.000     0.000    clk
                         IBUF (Prop_ibuf_I_O)         0.400     0.400 r  clk_IBUF_inst/O
                         net (fo=1, unplaced)         0.355     0.755    clk_IBUF
                         BUFG (Prop_bufg_I_O)         0.029     0.784 r  clk_IBUF_BUFG_inst/O
                         net (fo=8, unplaced)         0.259     1.043    CPTgene/clk
                         FDRE                                         r  CPTgene/q_reg[0]/C
                         clock pessimism             -0.210     0.833    
                         FDRE (Hold_fdre_C_D)         0.105     0.938    CPTgene/q_reg[0]
  -------------------------------------------------------------------
                         required time                         -0.938    
                         arrival time                           1.074    
  -------------------------------------------------------------------
                         slack                                  0.136    





Pulse Width Checks
--------------------------------------------------------------------------------------
Clock Name:         sys_clk_pin
Waveform(ns):       { 0.000 4.000 }
Period(ns):         8.000
Sources:            { clk }

Check Type        Corner  Lib Pin  Reference Pin  Required(ns)  Actual(ns)  Slack(ns)  Location  Pin
Min Period        n/a     BUFG/I   n/a            2.155         8.000       5.845                clk_IBUF_BUFG_inst/I
Low Pulse Width   Slow    FDRE/C   n/a            0.500         4.000       3.500                CPTgene/q_reg[0]/C
High Pulse Width  Slow    FDRE/C   n/a            0.500         4.000       3.500                CPTgene/q_reg[0]/C



