19-Oct-19 18:42:01 - main                                     INFO     Setting up main logger.
19-Oct-19 18:42:01 - main.Map                                 INFO     Création d'une instance de Map.
19-Oct-19 18:42:01 - main.Map                                 INFO     Attribution des paramètres des pièces.
19-Oct-19 18:42:01 - main.Map                                 INFO     Génération du plateau de jeu.
19-Oct-19 18:42:01 - main.Map                                 INFO     Génération des pièces.
19-Oct-19 18:42:01 - main.Room                                DEBUG    Création d'une instance de Room.
19-Oct-19 18:42:01 - main.Room                                DEBUG    La pièce comporte 30 cases.
19-Oct-19 18:42:01 - main.Room                                DEBUG    Création d'une instance de Room.
19-Oct-19 18:42:01 - main.Room                                DEBUG    La pièce comporte 35 cases.
19-Oct-19 18:42:01 - main.Room                                DEBUG    Création d'une instance de Room.
19-Oct-19 18:42:01 - main.Room                                DEBUG    La pièce comporte 24 cases.
19-Oct-19 18:42:01 - main.Room                                DEBUG    Création d'une instance de Room.
19-Oct-19 18:42:01 - main.Room                                DEBUG    La pièce comporte 24 cases.
19-Oct-19 18:42:01 - main.Room                                DEBUG    Création d'une instance de Room.
19-Oct-19 18:42:01 - main.Room                                DEBUG    La pièce comporte 28 cases.
19-Oct-19 18:42:01 - main.Room                                DEBUG    Création d'une instance de Room.
19-Oct-19 18:42:01 - main.Room                                DEBUG    La pièce comporte 25 cases.
19-Oct-19 18:42:01 - main.Room                                DEBUG    Création d'une instance de Room.
19-Oct-19 18:42:01 - main.Room                                DEBUG    La pièce comporte 28 cases.
19-Oct-19 18:42:01 - main.Room                                DEBUG    Création d'une instance de Room.
19-Oct-19 18:42:01 - main.Room                                DEBUG    La pièce comporte 16 cases.
19-Oct-19 18:42:01 - main.Room                                DEBUG    Création d'une instance de Room.
19-Oct-19 18:42:01 - main.Room                                DEBUG    La pièce comporte 42 cases.
19-Oct-19 18:42:01 - main.Room                                DEBUG    Création d'une instance de Room.
19-Oct-19 18:42:01 - main.Room                                DEBUG    La pièce comporte 42 cases.
19-Oct-19 18:42:01 - main.Room                                DEBUG    Création d'une instance de Room.
19-Oct-19 18:42:01 - main.Room                                DEBUG    La pièce comporte 42 cases.
19-Oct-19 18:42:01 - main.Room                                DEBUG    Création d'une instance de Room.
19-Oct-19 18:42:01 - main.Room                                DEBUG    La pièce comporte 28 cases.
19-Oct-19 18:42:01 - main.Room                                DEBUG    Création d'une instance de Room.
19-Oct-19 18:42:01 - main.Room                                DEBUG    La pièce comporte 35 cases.
19-Oct-19 18:42:01 - main.Room                                DEBUG    Création d'une instance de Room.
19-Oct-19 18:42:01 - main.Room                                DEBUG    La pièce comporte 30 cases.
19-Oct-19 18:42:01 - main.Room                                DEBUG    Création d'une instance de Room.
19-Oct-19 18:42:01 - main.Room                                DEBUG    La pièce comporte 35 cases.
19-Oct-19 18:42:01 - main.Room                                DEBUG    Création d'une instance de Room.
19-Oct-19 18:42:01 - main.Room                                DEBUG    La pièce comporte 20 cases.
19-Oct-19 18:42:01 - main.Room                                DEBUG    Création d'une instance de Room.
19-Oct-19 18:42:01 - main.Room                                DEBUG    La pièce comporte 28 cases.
19-Oct-19 18:42:01 - main.Room                                DEBUG    Création d'une instance de Room.
19-Oct-19 18:42:01 - main.Room                                DEBUG    La pièce comporte 42 cases.
19-Oct-19 18:42:01 - main.Room                                DEBUG    Création d'une instance de Room.
19-Oct-19 18:42:01 - main.Room                                DEBUG    La pièce comporte 42 cases.
19-Oct-19 18:42:01 - main.Room                                DEBUG    Création d'une instance de Room.
19-Oct-19 18:42:01 - main.Room                                DEBUG    La pièce comporte 35 cases.
19-Oct-19 18:42:01 - main.Room                                DEBUG    Création d'une instance de Room.
19-Oct-19 18:42:01 - main.Room                                DEBUG    La pièce comporte 24 cases.
19-Oct-19 18:42:01 - main.Room                                DEBUG    Création d'une instance de Room.
19-Oct-19 18:42:01 - main.Room                                DEBUG    La pièce comporte 20 cases.
19-Oct-19 18:42:01 - main.Room                                DEBUG    Création d'une instance de Room.
19-Oct-19 18:42:01 - main.Room                                DEBUG    La pièce comporte 28 cases.
19-Oct-19 18:42:01 - main.Room                                DEBUG    Création d'une instance de Room.
19-Oct-19 18:42:01 - main.Room                                DEBUG    La pièce comporte 28 cases.
19-Oct-19 18:42:01 - main.Room                                DEBUG    Création d'une instance de Room.
19-Oct-19 18:42:01 - main.Room                                DEBUG    La pièce comporte 36 cases.
19-Oct-19 18:42:01 - main.Room                                DEBUG    Création d'une instance de Room.
19-Oct-19 18:42:01 - main.Room                                DEBUG    La pièce comporte 35 cases.
19-Oct-19 18:42:01 - main.Room                                DEBUG    Création d'une instance de Room.
19-Oct-19 18:42:01 - main.Room                                DEBUG    La pièce comporte 30 cases.
19-Oct-19 18:42:01 - main.Room                                DEBUG    Création d'une instance de Room.
19-Oct-19 18:42:01 - main.Room                                DEBUG    La pièce comporte 28 cases.
19-Oct-19 18:42:01 - main.Room                                DEBUG    Création d'une instance de Room.
19-Oct-19 18:42:01 - main.Room                                DEBUG    La pièce comporte 42 cases.
19-Oct-19 18:42:01 - main.Room                                DEBUG    Création d'une instance de Room.
19-Oct-19 18:42:01 - main.Room                                DEBUG    La pièce comporte 28 cases.
19-Oct-19 18:42:01 - main.Room                                DEBUG    Création d'une instance de Room.
19-Oct-19 18:42:01 - main.Room                                DEBUG    La pièce comporte 28 cases.
19-Oct-19 18:42:01 - main.Room                                DEBUG    Création d'une instance de Room.
19-Oct-19 18:42:01 - main.Room                                DEBUG    La pièce comporte 35 cases.
19-Oct-19 18:42:01 - main.Room                                DEBUG    Création d'une instance de Room.
19-Oct-19 18:42:01 - main.Room                                DEBUG    La pièce comporte 30 cases.
19-Oct-19 18:42:01 - main.Room                                DEBUG    Création d'une instance de Room.
19-Oct-19 18:42:01 - main.Room                                DEBUG    La pièce comporte 42 cases.
19-Oct-19 18:42:01 - main.Room                                DEBUG    Création d'une instance de Room.
19-Oct-19 18:42:01 - main.Room                                DEBUG    La pièce comporte 42 cases.
19-Oct-19 18:42:01 - main.Room                                DEBUG    Création d'une instance de Room.
19-Oct-19 18:42:01 - main.Room                                DEBUG    La pièce comporte 24 cases.
19-Oct-19 18:42:01 - main.Room                                DEBUG    Création d'une instance de Room.
19-Oct-19 18:42:01 - main.Room                                DEBUG    La pièce comporte 30 cases.
19-Oct-19 18:42:01 - main.Room                                DEBUG    Création d'une instance de Room.
19-Oct-19 18:42:01 - main.Room                                DEBUG    La pièce comporte 16 cases.
19-Oct-19 18:42:01 - main.Room                                DEBUG    Création d'une instance de Room.
19-Oct-19 18:42:01 - main.Room                                DEBUG    La pièce comporte 35 cases.
19-Oct-19 18:42:01 - main.Room                                DEBUG    Création d'une instance de Room.
19-Oct-19 18:42:01 - main.Room                                DEBUG    La pièce comporte 28 cases.
19-Oct-19 18:42:01 - main.Room                                DEBUG    Création d'une instance de Room.
19-Oct-19 18:42:01 - main.Room                                DEBUG    La pièce comporte 25 cases.
19-Oct-19 18:42:01 - main.Room                                DEBUG    Création d'une instance de Room.
19-Oct-19 18:42:01 - main.Room                                DEBUG    La pièce comporte 28 cases.
19-Oct-19 18:42:01 - main.Room                                DEBUG    Création d'une instance de Room.
19-Oct-19 18:42:01 - main.Room                                DEBUG    La pièce comporte 42 cases.
19-Oct-19 18:42:01 - main.Room                                DEBUG    Création d'une instance de Room.
19-Oct-19 18:42:01 - main.Room                                DEBUG    La pièce comporte 42 cases.
19-Oct-19 18:42:01 - main.Room                                DEBUG    Création d'une instance de Room.
19-Oct-19 18:42:01 - main.Room                                DEBUG    La pièce comporte 42 cases.
19-Oct-19 18:42:01 - main.Room                                DEBUG    Création d'une instance de Room.
19-Oct-19 18:42:01 - main.Room                                DEBUG    La pièce comporte 20 cases.
19-Oct-19 18:42:01 - main.Room                                DEBUG    Création d'une instance de Room.
19-Oct-19 18:42:01 - main.Room                                DEBUG    La pièce comporte 35 cases.
19-Oct-19 18:42:01 - main.Room                                DEBUG    Création d'une instance de Room.
19-Oct-19 18:42:01 - main.Room                                DEBUG    La pièce comporte 42 cases.
19-Oct-19 18:42:01 - main.Room                                DEBUG    Création d'une instance de Room.
19-Oct-19 18:42:01 - main.Room                                DEBUG    La pièce comporte 35 cases.
19-Oct-19 18:42:01 - main.Room                                DEBUG    Création d'une instance de Room.
19-Oct-19 18:42:01 - main.Room                                DEBUG    La pièce comporte 30 cases.
19-Oct-19 18:42:01 - main.Room                                DEBUG    Création d'une instance de Room.
19-Oct-19 18:42:01 - main.Room                                DEBUG    La pièce comporte 35 cases.
19-Oct-19 18:42:01 - main.Room                                DEBUG    Création d'une instance de Room.
19-Oct-19 18:42:01 - main.Room                                DEBUG    La pièce comporte 20 cases.
19-Oct-19 18:42:01 - main.Room                                DEBUG    Création d'une instance de Room.
19-Oct-19 18:42:01 - main.Room                                DEBUG    La pièce comporte 25 cases.
19-Oct-19 18:42:01 - main.Room                                DEBUG    Création d'une instance de Room.
19-Oct-19 18:42:01 - main.Room                                DEBUG    La pièce comporte 30 cases.
19-Oct-19 18:42:01 - main.Room                                DEBUG    Création d'une instance de Room.
19-Oct-19 18:42:01 - main.Room                                DEBUG    La pièce comporte 28 cases.
19-Oct-19 18:42:01 - main.Room                                DEBUG    Création d'une instance de Room.
19-Oct-19 18:42:01 - main.Room                                DEBUG    La pièce comporte 49 cases.
19-Oct-19 18:42:01 - main.Room                                DEBUG    Création d'une instance de Room.
19-Oct-19 18:42:01 - main.Room                                DEBUG    La pièce comporte 36 cases.
19-Oct-19 18:42:01 - main.Room                                DEBUG    Création d'une instance de Room.
19-Oct-19 18:42:01 - main.Room                                DEBUG    La pièce comporte 36 cases.
19-Oct-19 18:42:01 - main.Room                                DEBUG    Création d'une instance de Room.
19-Oct-19 18:42:01 - main.Room                                DEBUG    La pièce comporte 25 cases.
19-Oct-19 18:42:01 - main.Room                                DEBUG    Création d'une instance de Room.
19-Oct-19 18:42:01 - main.Room                                DEBUG    La pièce comporte 25 cases.
19-Oct-19 18:42:01 - main.Room                                DEBUG    Création d'une instance de Room.
19-Oct-19 18:42:01 - main.Room                                DEBUG    La pièce comporte 20 cases.
19-Oct-19 18:42:01 - main.Room                                DEBUG    Création d'une instance de Room.
19-Oct-19 18:42:01 - main.Room                                DEBUG    La pièce comporte 30 cases.
19-Oct-19 18:42:01 - main.Room                                DEBUG    Création d'une instance de Room.
19-Oct-19 18:42:01 - main.Room                                DEBUG    La pièce comporte 49 cases.
19-Oct-19 18:42:01 - main.Room                                DEBUG    Création d'une instance de Room.
19-Oct-19 18:42:01 - main.Room                                DEBUG    La pièce comporte 36 cases.
19-Oct-19 18:42:01 - main.Room                                DEBUG    Création d'une instance de Room.
19-Oct-19 18:42:01 - main.Room                                DEBUG    La pièce comporte 24 cases.
19-Oct-19 18:42:01 - main.Room                                DEBUG    Création d'une instance de Room.
19-Oct-19 18:42:01 - main.Room                                DEBUG    La pièce comporte 35 cases.
19-Oct-19 18:42:01 - main.Room                                DEBUG    Création d'une instance de Room.
19-Oct-19 18:42:01 - main.Room                                DEBUG    La pièce comporte 35 cases.
19-Oct-19 18:42:01 - main.Room                                DEBUG    Création d'une instance de Room.
19-Oct-19 18:42:01 - main.Room                                DEBUG    La pièce comporte 20 cases.
19-Oct-19 18:42:01 - main.Room                                DEBUG    Création d'une instance de Room.
19-Oct-19 18:42:01 - main.Room                                DEBUG    La pièce comporte 36 cases.
19-Oct-19 18:42:01 - main.Room                                DEBUG    Création d'une instance de Room.
19-Oct-19 18:42:01 - main.Room                                DEBUG    La pièce comporte 25 cases.
19-Oct-19 18:42:01 - main.Room                                DEBUG    Création d'une instance de Room.
19-Oct-19 18:42:01 - main.Room                                DEBUG    La pièce comporte 20 cases.
19-Oct-19 18:42:01 - main.Room                                DEBUG    Création d'une instance de Room.
19-Oct-19 18:42:01 - main.Room                                DEBUG    La pièce comporte 42 cases.
19-Oct-19 18:42:01 - main.Room                                DEBUG    Création d'une instance de Room.
19-Oct-19 18:42:01 - main.Room                                DEBUG    La pièce comporte 30 cases.
19-Oct-19 18:42:01 - main.Room                                DEBUG    Création d'une instance de Room.
19-Oct-19 18:42:01 - main.Room                                DEBUG    La pièce comporte 28 cases.
19-Oct-19 18:42:01 - main.Room                                DEBUG    Création d'une instance de Room.
19-Oct-19 18:42:01 - main.Room                                DEBUG    La pièce comporte 28 cases.
19-Oct-19 18:42:01 - main.Room                                DEBUG    Création d'une instance de Room.
19-Oct-19 18:42:01 - main.Room                                DEBUG    La pièce comporte 30 cases.
19-Oct-19 18:42:01 - main.Room                                DEBUG    Création d'une instance de Room.
19-Oct-19 18:42:01 - main.Room                                DEBUG    La pièce comporte 30 cases.
19-Oct-19 18:42:01 - main.Room                                DEBUG    Création d'une instance de Room.
19-Oct-19 18:42:01 - main.Room                                DEBUG    La pièce comporte 30 cases.
19-Oct-19 18:42:01 - main.Room                                DEBUG    Création d'une instance de Room.
19-Oct-19 18:42:01 - main.Room                                DEBUG    La pièce comporte 36 cases.
19-Oct-19 18:42:01 - main.Room                                DEBUG    Création d'une instance de Room.
19-Oct-19 18:42:01 - main.Room                                DEBUG    La pièce comporte 28 cases.
19-Oct-19 18:42:01 - main.Room                                DEBUG    Création d'une instance de Room.
19-Oct-19 18:42:01 - main.Room                                DEBUG    La pièce comporte 35 cases.
19-Oct-19 18:42:01 - main.Room                                DEBUG    Création d'une instance de Room.
19-Oct-19 18:42:01 - main.Room                                DEBUG    La pièce comporte 28 cases.
19-Oct-19 18:42:01 - main.Room                                DEBUG    Création d'une instance de Room.
19-Oct-19 18:42:01 - main.Room                                DEBUG    La pièce comporte 28 cases.
19-Oct-19 18:42:01 - main.Room                                DEBUG    Création d'une instance de Room.
19-Oct-19 18:42:01 - main.Room                                DEBUG    La pièce comporte 49 cases.
19-Oct-19 18:42:01 - main.Room                                DEBUG    Création d'une instance de Room.
19-Oct-19 18:42:01 - main.Room                                DEBUG    La pièce comporte 24 cases.
19-Oct-19 18:42:01 - main.Room                                DEBUG    Création d'une instance de Room.
19-Oct-19 18:42:01 - main.Room                                DEBUG    La pièce comporte 36 cases.
19-Oct-19 18:42:01 - main.Room                                DEBUG    Création d'une instance de Room.
19-Oct-19 18:42:01 - main.Room                                DEBUG    La pièce comporte 20 cases.
19-Oct-19 18:42:01 - main.Room                                DEBUG    Création d'une instance de Room.
19-Oct-19 18:42:01 - main.Room                                DEBUG    La pièce comporte 30 cases.
19-Oct-19 18:42:01 - main.Room                                DEBUG    Création d'une instance de Room.
19-Oct-19 18:42:01 - main.Room                                DEBUG    La pièce comporte 49 cases.
19-Oct-19 18:42:01 - main.Room                                DEBUG    Création d'une instance de Room.
19-Oct-19 18:42:01 - main.Room                                DEBUG    La pièce comporte 30 cases.
19-Oct-19 18:42:01 - main.Room                                DEBUG    Création d'une instance de Room.
19-Oct-19 18:42:01 - main.Room                                DEBUG    La pièce comporte 30 cases.
19-Oct-19 18:42:01 - main.Room                                DEBUG    Création d'une instance de Room.
19-Oct-19 18:42:01 - main.Room                                DEBUG    La pièce comporte 42 cases.
19-Oct-19 18:42:01 - main.Room                                DEBUG    Création d'une instance de Room.
19-Oct-19 18:42:01 - main.Room                                DEBUG    La pièce comporte 35 cases.
19-Oct-19 18:42:01 - main.Room                                DEBUG    Création d'une instance de Room.
19-Oct-19 18:42:01 - main.Room                                DEBUG    La pièce comporte 42 cases.
19-Oct-19 18:42:01 - main.Room                                DEBUG    Création d'une instance de Room.
19-Oct-19 18:42:01 - main.Room                                DEBUG    La pièce comporte 35 cases.
19-Oct-19 18:42:01 - main.Room                                DEBUG    Création d'une instance de Room.
19-Oct-19 18:42:01 - main.Room                                DEBUG    La pièce comporte 25 cases.
19-Oct-19 18:42:01 - main.Room                                DEBUG    Création d'une instance de Room.
19-Oct-19 18:42:01 - main.Room                                DEBUG    La pièce comporte 28 cases.
19-Oct-19 18:42:01 - main.Room                                DEBUG    Création d'une instance de Room.
19-Oct-19 18:42:01 - main.Room                                DEBUG    La pièce comporte 16 cases.
19-Oct-19 18:42:01 - main.Room                                DEBUG    Création d'une instance de Room.
19-Oct-19 18:42:01 - main.Room                                DEBUG    La pièce comporte 16 cases.
19-Oct-19 18:42:01 - main.Room                                DEBUG    Création d'une instance de Room.
19-Oct-19 18:42:01 - main.Room                                DEBUG    La pièce comporte 20 cases.
19-Oct-19 18:42:01 - main.Map                                 INFO     Positionnement des pièces sur la carte
19-Oct-19 18:42:01 - main.Map                                 INFO     Remplissage de la carte par des labyrinthes.
19-Oct-19 18:42:01 - main.Map                                 DEBUG    Génération d'un labyrinthe de taille 987.
19-Oct-19 18:42:01 - main.Map                                 DEBUG    Génération d'un labyrinthe de taille 29.
19-Oct-19 18:42:01 - main.Map                                 DEBUG    Génération d'un labyrinthe de taille 22.
19-Oct-19 18:42:01 - main.Map                                 DEBUG    Génération d'un labyrinthe de taille 2.
19-Oct-19 18:42:01 - main.Map                                 INFO     Attribution des paramètres du jeu.
19-Oct-19 18:42:01 - main.Map                                 INFO     Start: (10, 5), Goal: (9, 19)
19-Oct-19 18:42:01 - main.Map                                 DEBUG    Getting possible connectors.
19-Oct-19 18:42:02 - main                                     DEBUG    Getting direction.
