11-Dec-19 17:30:55 - main                                     INFO     Setting up main logger.
11-Dec-19 17:30:55 - main                                     DEBUG    Création du parser.
11-Dec-19 17:30:55 - main                                     DEBUG    Getting terminal size.
11-Dec-19 17:30:55 - main.Map                                 INFO     Création d'une instance de Map.
11-Dec-19 17:30:55 - main.Map                                 INFO     Attribution des paramètres des pièces.
11-Dec-19 17:30:55 - main.Map                                 INFO     Génération du plateau de jeu.
11-Dec-19 17:30:55 - main.Map                                 INFO     Génération des pièces.
11-Dec-19 17:30:55 - main.Room                                DEBUG    Création d'une instance de Room.
11-Dec-19 17:30:55 - main.Room                                DEBUG    La pièce comporte 35 cases.
11-Dec-19 17:30:55 - main.Room                                DEBUG    Création d'une instance de Room.
11-Dec-19 17:30:55 - main.Room                                DEBUG    La pièce comporte 24 cases.
11-Dec-19 17:30:55 - main.Room                                DEBUG    Création d'une instance de Room.
11-Dec-19 17:30:55 - main.Room                                DEBUG    La pièce comporte 20 cases.
11-Dec-19 17:30:55 - main.Room                                DEBUG    Création d'une instance de Room.
11-Dec-19 17:30:55 - main.Room                                DEBUG    La pièce comporte 28 cases.
11-Dec-19 17:30:55 - main.Room                                DEBUG    Création d'une instance de Room.
11-Dec-19 17:30:55 - main.Room                                DEBUG    La pièce comporte 20 cases.
11-Dec-19 17:30:55 - main.Room                                DEBUG    Création d'une instance de Room.
11-Dec-19 17:30:55 - main.Room                                DEBUG    La pièce comporte 20 cases.
11-Dec-19 17:30:55 - main.Room                                DEBUG    Création d'une instance de Room.
11-Dec-19 17:30:55 - main.Room                                DEBUG    La pièce comporte 30 cases.
11-Dec-19 17:30:55 - main.Room                                DEBUG    Création d'une instance de Room.
11-Dec-19 17:30:55 - main.Room                                DEBUG    La pièce comporte 24 cases.
11-Dec-19 17:30:55 - main.Room                                DEBUG    Création d'une instance de Room.
11-Dec-19 17:30:55 - main.Room                                DEBUG    La pièce comporte 42 cases.
11-Dec-19 17:30:55 - main.Room                                DEBUG    Création d'une instance de Room.
11-Dec-19 17:30:55 - main.Room                                DEBUG    La pièce comporte 30 cases.
11-Dec-19 17:30:55 - main.Room                                DEBUG    Création d'une instance de Room.
11-Dec-19 17:30:55 - main.Room                                DEBUG    La pièce comporte 42 cases.
11-Dec-19 17:30:55 - main.Room                                DEBUG    Création d'une instance de Room.
11-Dec-19 17:30:55 - main.Room                                DEBUG    La pièce comporte 35 cases.
11-Dec-19 17:30:55 - main.Room                                DEBUG    Création d'une instance de Room.
11-Dec-19 17:30:55 - main.Room                                DEBUG    La pièce comporte 42 cases.
11-Dec-19 17:30:55 - main.Room                                DEBUG    Création d'une instance de Room.
11-Dec-19 17:30:55 - main.Room                                DEBUG    La pièce comporte 20 cases.
11-Dec-19 17:30:55 - main.Room                                DEBUG    Création d'une instance de Room.
11-Dec-19 17:30:55 - main.Room                                DEBUG    La pièce comporte 49 cases.
11-Dec-19 17:30:55 - main.Room                                DEBUG    Création d'une instance de Room.
11-Dec-19 17:30:55 - main.Room                                DEBUG    La pièce comporte 25 cases.
11-Dec-19 17:30:55 - main.Room                                DEBUG    Création d'une instance de Room.
11-Dec-19 17:30:55 - main.Room                                DEBUG    La pièce comporte 30 cases.
11-Dec-19 17:30:55 - main.Room                                DEBUG    Création d'une instance de Room.
11-Dec-19 17:30:55 - main.Room                                DEBUG    La pièce comporte 24 cases.
11-Dec-19 17:30:55 - main.Room                                DEBUG    Création d'une instance de Room.
11-Dec-19 17:30:55 - main.Room                                DEBUG    La pièce comporte 24 cases.
11-Dec-19 17:30:55 - main.Room                                DEBUG    Création d'une instance de Room.
11-Dec-19 17:30:55 - main.Room                                DEBUG    La pièce comporte 30 cases.
11-Dec-19 17:30:55 - main.Room                                DEBUG    Création d'une instance de Room.
11-Dec-19 17:30:55 - main.Room                                DEBUG    La pièce comporte 30 cases.
11-Dec-19 17:30:55 - main.Room                                DEBUG    Création d'une instance de Room.
11-Dec-19 17:30:55 - main.Room                                DEBUG    La pièce comporte 28 cases.
11-Dec-19 17:30:55 - main.Room                                DEBUG    Création d'une instance de Room.
11-Dec-19 17:30:55 - main.Room                                DEBUG    La pièce comporte 20 cases.
11-Dec-19 17:30:55 - main.Room                                DEBUG    Création d'une instance de Room.
11-Dec-19 17:30:55 - main.Room                                DEBUG    La pièce comporte 24 cases.
11-Dec-19 17:30:55 - main.Room                                DEBUG    Création d'une instance de Room.
11-Dec-19 17:30:55 - main.Room                                DEBUG    La pièce comporte 25 cases.
11-Dec-19 17:30:55 - main.Room                                DEBUG    Création d'une instance de Room.
11-Dec-19 17:30:55 - main.Room                                DEBUG    La pièce comporte 30 cases.
11-Dec-19 17:30:55 - main.Room                                DEBUG    Création d'une instance de Room.
11-Dec-19 17:30:55 - main.Room                                DEBUG    La pièce comporte 30 cases.
11-Dec-19 17:30:55 - main.Room                                DEBUG    Création d'une instance de Room.
11-Dec-19 17:30:55 - main.Room                                DEBUG    La pièce comporte 30 cases.
11-Dec-19 17:30:55 - main.Room                                DEBUG    Création d'une instance de Room.
11-Dec-19 17:30:55 - main.Room                                DEBUG    La pièce comporte 42 cases.
11-Dec-19 17:30:55 - main.Room                                DEBUG    Création d'une instance de Room.
11-Dec-19 17:30:55 - main.Room                                DEBUG    La pièce comporte 28 cases.
11-Dec-19 17:30:55 - main.Room                                DEBUG    Création d'une instance de Room.
11-Dec-19 17:30:55 - main.Room                                DEBUG    La pièce comporte 28 cases.
11-Dec-19 17:30:55 - main.Room                                DEBUG    Création d'une instance de Room.
11-Dec-19 17:30:55 - main.Room                                DEBUG    La pièce comporte 35 cases.
11-Dec-19 17:30:55 - main.Room                                DEBUG    Création d'une instance de Room.
11-Dec-19 17:30:55 - main.Room                                DEBUG    La pièce comporte 30 cases.
11-Dec-19 17:30:55 - main.Room                                DEBUG    Création d'une instance de Room.
11-Dec-19 17:30:55 - main.Room                                DEBUG    La pièce comporte 16 cases.
11-Dec-19 17:30:55 - main.Room                                DEBUG    Création d'une instance de Room.
11-Dec-19 17:30:55 - main.Room                                DEBUG    La pièce comporte 42 cases.
11-Dec-19 17:30:55 - main.Room                                DEBUG    Création d'une instance de Room.
11-Dec-19 17:30:55 - main.Room                                DEBUG    La pièce comporte 49 cases.
11-Dec-19 17:30:55 - main.Room                                DEBUG    Création d'une instance de Room.
11-Dec-19 17:30:55 - main.Room                                DEBUG    La pièce comporte 20 cases.
11-Dec-19 17:30:55 - main.Room                                DEBUG    Création d'une instance de Room.
11-Dec-19 17:30:55 - main.Room                                DEBUG    La pièce comporte 20 cases.
11-Dec-19 17:30:55 - main.Room                                DEBUG    Création d'une instance de Room.
11-Dec-19 17:30:55 - main.Room                                DEBUG    La pièce comporte 42 cases.
11-Dec-19 17:30:55 - main.Room                                DEBUG    Création d'une instance de Room.
11-Dec-19 17:30:55 - main.Room                                DEBUG    La pièce comporte 24 cases.
11-Dec-19 17:30:55 - main.Room                                DEBUG    Création d'une instance de Room.
11-Dec-19 17:30:55 - main.Room                                DEBUG    La pièce comporte 30 cases.
11-Dec-19 17:30:55 - main.Room                                DEBUG    Création d'une instance de Room.
11-Dec-19 17:30:55 - main.Room                                DEBUG    La pièce comporte 25 cases.
11-Dec-19 17:30:55 - main.Room                                DEBUG    Création d'une instance de Room.
11-Dec-19 17:30:55 - main.Room                                DEBUG    La pièce comporte 28 cases.
11-Dec-19 17:30:55 - main.Room                                DEBUG    Création d'une instance de Room.
11-Dec-19 17:30:55 - main.Room                                DEBUG    La pièce comporte 36 cases.
11-Dec-19 17:30:55 - main.Room                                DEBUG    Création d'une instance de Room.
11-Dec-19 17:30:55 - main.Room                                DEBUG    La pièce comporte 16 cases.
11-Dec-19 17:30:55 - main.Room                                DEBUG    Création d'une instance de Room.
11-Dec-19 17:30:55 - main.Room                                DEBUG    La pièce comporte 42 cases.
11-Dec-19 17:30:55 - main.Room                                DEBUG    Création d'une instance de Room.
11-Dec-19 17:30:55 - main.Room                                DEBUG    La pièce comporte 28 cases.
11-Dec-19 17:30:55 - main.Room                                DEBUG    Création d'une instance de Room.
11-Dec-19 17:30:55 - main.Room                                DEBUG    La pièce comporte 24 cases.
11-Dec-19 17:30:55 - main.Room                                DEBUG    Création d'une instance de Room.
11-Dec-19 17:30:55 - main.Room                                DEBUG    La pièce comporte 30 cases.
11-Dec-19 17:30:55 - main.Room                                DEBUG    Création d'une instance de Room.
11-Dec-19 17:30:55 - main.Room                                DEBUG    La pièce comporte 30 cases.
11-Dec-19 17:30:55 - main.Room                                DEBUG    Création d'une instance de Room.
11-Dec-19 17:30:55 - main.Room                                DEBUG    La pièce comporte 28 cases.
11-Dec-19 17:30:55 - main.Room                                DEBUG    Création d'une instance de Room.
11-Dec-19 17:30:55 - main.Room                                DEBUG    La pièce comporte 20 cases.
11-Dec-19 17:30:55 - main.Room                                DEBUG    Création d'une instance de Room.
11-Dec-19 17:30:55 - main.Room                                DEBUG    La pièce comporte 35 cases.
11-Dec-19 17:30:55 - main.Room                                DEBUG    Création d'une instance de Room.
11-Dec-19 17:30:55 - main.Room                                DEBUG    La pièce comporte 16 cases.
11-Dec-19 17:30:55 - main.Room                                DEBUG    Création d'une instance de Room.
11-Dec-19 17:30:55 - main.Room                                DEBUG    La pièce comporte 36 cases.
11-Dec-19 17:30:55 - main.Room                                DEBUG    Création d'une instance de Room.
11-Dec-19 17:30:55 - main.Room                                DEBUG    La pièce comporte 24 cases.
11-Dec-19 17:30:55 - main.Room                                DEBUG    Création d'une instance de Room.
11-Dec-19 17:30:55 - main.Room                                DEBUG    La pièce comporte 28 cases.
11-Dec-19 17:30:55 - main.Room                                DEBUG    Création d'une instance de Room.
11-Dec-19 17:30:55 - main.Room                                DEBUG    La pièce comporte 28 cases.
11-Dec-19 17:30:55 - main.Room                                DEBUG    Création d'une instance de Room.
11-Dec-19 17:30:55 - main.Room                                DEBUG    La pièce comporte 42 cases.
11-Dec-19 17:30:55 - main.Room                                DEBUG    Création d'une instance de Room.
11-Dec-19 17:30:55 - main.Room                                DEBUG    La pièce comporte 20 cases.
11-Dec-19 17:30:55 - main.Room                                DEBUG    Création d'une instance de Room.
11-Dec-19 17:30:55 - main.Room                                DEBUG    La pièce comporte 20 cases.
11-Dec-19 17:30:55 - main.Room                                DEBUG    Création d'une instance de Room.
11-Dec-19 17:30:55 - main.Room                                DEBUG    La pièce comporte 42 cases.
11-Dec-19 17:30:55 - main.Room                                DEBUG    Création d'une instance de Room.
11-Dec-19 17:30:55 - main.Room                                DEBUG    La pièce comporte 49 cases.
11-Dec-19 17:30:55 - main.Room                                DEBUG    Création d'une instance de Room.
11-Dec-19 17:30:55 - main.Room                                DEBUG    La pièce comporte 30 cases.
11-Dec-19 17:30:55 - main.Room                                DEBUG    Création d'une instance de Room.
11-Dec-19 17:30:55 - main.Room                                DEBUG    La pièce comporte 28 cases.
11-Dec-19 17:30:55 - main.Room                                DEBUG    Création d'une instance de Room.
11-Dec-19 17:30:55 - main.Room                                DEBUG    La pièce comporte 42 cases.
11-Dec-19 17:30:55 - main.Room                                DEBUG    Création d'une instance de Room.
11-Dec-19 17:30:55 - main.Room                                DEBUG    La pièce comporte 36 cases.
11-Dec-19 17:30:55 - main.Room                                DEBUG    Création d'une instance de Room.
11-Dec-19 17:30:55 - main.Room                                DEBUG    La pièce comporte 25 cases.
11-Dec-19 17:30:55 - main.Room                                DEBUG    Création d'une instance de Room.
11-Dec-19 17:30:55 - main.Room                                DEBUG    La pièce comporte 42 cases.
11-Dec-19 17:30:55 - main.Room                                DEBUG    Création d'une instance de Room.
11-Dec-19 17:30:55 - main.Room                                DEBUG    La pièce comporte 42 cases.
11-Dec-19 17:30:55 - main.Room                                DEBUG    Création d'une instance de Room.
11-Dec-19 17:30:55 - main.Room                                DEBUG    La pièce comporte 42 cases.
11-Dec-19 17:30:55 - main.Room                                DEBUG    Création d'une instance de Room.
11-Dec-19 17:30:55 - main.Room                                DEBUG    La pièce comporte 16 cases.
11-Dec-19 17:30:55 - main.Room                                DEBUG    Création d'une instance de Room.
11-Dec-19 17:30:55 - main.Room                                DEBUG    La pièce comporte 16 cases.
11-Dec-19 17:30:55 - main.Room                                DEBUG    Création d'une instance de Room.
11-Dec-19 17:30:55 - main.Room                                DEBUG    La pièce comporte 49 cases.
11-Dec-19 17:30:55 - main.Room                                DEBUG    Création d'une instance de Room.
11-Dec-19 17:30:55 - main.Room                                DEBUG    La pièce comporte 30 cases.
11-Dec-19 17:30:55 - main.Room                                DEBUG    Création d'une instance de Room.
11-Dec-19 17:30:55 - main.Room                                DEBUG    La pièce comporte 35 cases.
11-Dec-19 17:30:55 - main.Room                                DEBUG    Création d'une instance de Room.
11-Dec-19 17:30:55 - main.Room                                DEBUG    La pièce comporte 42 cases.
11-Dec-19 17:30:55 - main.Room                                DEBUG    Création d'une instance de Room.
11-Dec-19 17:30:55 - main.Room                                DEBUG    La pièce comporte 24 cases.
11-Dec-19 17:30:55 - main.Room                                DEBUG    Création d'une instance de Room.
11-Dec-19 17:30:55 - main.Room                                DEBUG    La pièce comporte 36 cases.
11-Dec-19 17:30:55 - main.Room                                DEBUG    Création d'une instance de Room.
11-Dec-19 17:30:55 - main.Room                                DEBUG    La pièce comporte 35 cases.
11-Dec-19 17:30:55 - main.Room                                DEBUG    Création d'une instance de Room.
11-Dec-19 17:30:55 - main.Room                                DEBUG    La pièce comporte 28 cases.
11-Dec-19 17:30:55 - main.Room                                DEBUG    Création d'une instance de Room.
11-Dec-19 17:30:55 - main.Room                                DEBUG    La pièce comporte 25 cases.
11-Dec-19 17:30:55 - main.Room                                DEBUG    Création d'une instance de Room.
11-Dec-19 17:30:55 - main.Room                                DEBUG    La pièce comporte 36 cases.
11-Dec-19 17:30:55 - main.Room                                DEBUG    Création d'une instance de Room.
11-Dec-19 17:30:55 - main.Room                                DEBUG    La pièce comporte 49 cases.
11-Dec-19 17:30:55 - main.Room                                DEBUG    Création d'une instance de Room.
11-Dec-19 17:30:55 - main.Room                                DEBUG    La pièce comporte 36 cases.
11-Dec-19 17:30:55 - main.Room                                DEBUG    Création d'une instance de Room.
11-Dec-19 17:30:55 - main.Room                                DEBUG    La pièce comporte 35 cases.
11-Dec-19 17:30:55 - main.Room                                DEBUG    Création d'une instance de Room.
11-Dec-19 17:30:55 - main.Room                                DEBUG    La pièce comporte 20 cases.
11-Dec-19 17:30:55 - main.Room                                DEBUG    Création d'une instance de Room.
11-Dec-19 17:30:55 - main.Room                                DEBUG    La pièce comporte 49 cases.
11-Dec-19 17:30:55 - main.Room                                DEBUG    Création d'une instance de Room.
11-Dec-19 17:30:55 - main.Room                                DEBUG    La pièce comporte 49 cases.
11-Dec-19 17:30:55 - main.Room                                DEBUG    Création d'une instance de Room.
11-Dec-19 17:30:55 - main.Room                                DEBUG    La pièce comporte 24 cases.
11-Dec-19 17:30:55 - main.Room                                DEBUG    Création d'une instance de Room.
11-Dec-19 17:30:55 - main.Room                                DEBUG    La pièce comporte 20 cases.
11-Dec-19 17:30:55 - main.Room                                DEBUG    Création d'une instance de Room.
11-Dec-19 17:30:55 - main.Room                                DEBUG    La pièce comporte 28 cases.
11-Dec-19 17:30:55 - main.Room                                DEBUG    Création d'une instance de Room.
11-Dec-19 17:30:55 - main.Room                                DEBUG    La pièce comporte 35 cases.
11-Dec-19 17:30:55 - main.Room                                DEBUG    Création d'une instance de Room.
11-Dec-19 17:30:55 - main.Room                                DEBUG    La pièce comporte 16 cases.
11-Dec-19 17:30:55 - main.Room                                DEBUG    Création d'une instance de Room.
11-Dec-19 17:30:55 - main.Room                                DEBUG    La pièce comporte 30 cases.
11-Dec-19 17:30:55 - main.Room                                DEBUG    Création d'une instance de Room.
11-Dec-19 17:30:55 - main.Room                                DEBUG    La pièce comporte 24 cases.
11-Dec-19 17:30:55 - main.Room                                DEBUG    Création d'une instance de Room.
11-Dec-19 17:30:55 - main.Room                                DEBUG    La pièce comporte 42 cases.
11-Dec-19 17:30:55 - main.Room                                DEBUG    Création d'une instance de Room.
11-Dec-19 17:30:55 - main.Room                                DEBUG    La pièce comporte 28 cases.
11-Dec-19 17:30:55 - main.Room                                DEBUG    Création d'une instance de Room.
11-Dec-19 17:30:55 - main.Room                                DEBUG    La pièce comporte 28 cases.
11-Dec-19 17:30:55 - main.Room                                DEBUG    Création d'une instance de Room.
11-Dec-19 17:30:55 - main.Room                                DEBUG    La pièce comporte 49 cases.
11-Dec-19 17:30:55 - main.Map                                 INFO     Positionnement des pièces sur la carte
11-Dec-19 17:30:55 - main.Map                                 INFO     Remplissage de la carte par des labyrinthes.
11-Dec-19 17:30:55 - main.Map                                 DEBUG    Génération d'un labyrinthe.
11-Dec-19 17:30:55 - main.Map                                 DEBUG    Labyrinthe de taille 73 généré.
11-Dec-19 17:30:55 - main.Map                                 DEBUG    Génération d'un labyrinthe.
11-Dec-19 17:30:55 - main.Map                                 DEBUG    Labyrinthe de taille 22 généré.
11-Dec-19 17:30:55 - main.Map                                 DEBUG    Génération d'un labyrinthe.
11-Dec-19 17:30:55 - main.Map                                 DEBUG    Labyrinthe de taille 11 généré.
11-Dec-19 17:30:55 - main.Map                                 DEBUG    Génération d'un labyrinthe.
11-Dec-19 17:30:55 - main.Map                                 DEBUG    Labyrinthe de taille 7 généré.
11-Dec-19 17:30:55 - main.Map                                 DEBUG    Génération d'un labyrinthe.
11-Dec-19 17:30:55 - main.Map                                 DEBUG    Labyrinthe de taille 39 généré.
11-Dec-19 17:30:55 - main.Map                                 DEBUG    Génération d'un labyrinthe.
11-Dec-19 17:30:55 - main.Map                                 DEBUG    Labyrinthe de taille 7 généré.
11-Dec-19 17:30:55 - main.Map                                 DEBUG    Getting possible connectors.
11-Dec-19 17:30:55 - main.Map                                 INFO     Connection des régions.
11-Dec-19 17:30:55 - main.Map                                 DEBUG    Régions connectées.
11-Dec-19 17:30:55 - main.Map                                 DEBUG    Suppression des portions de couloir inutiles.
11-Dec-19 17:30:55 - main.Map                                 INFO     Attribution des paramètres du jeu.
11-Dec-19 17:30:55 - main.Map                                 INFO     Start: (18, 18), Goal: (32, 10)
11-Dec-19 17:30:55 - main                                     DEBUG    Field of view turned of.
11-Dec-19 17:30:55 - main                                     DEBUG    Debug mode turned on.
11-Dec-19 17:30:56 - main                                     DEBUG    Getting direction.
