Vivado Simulator 2019.1
Copyright 1986-1999, 2001-2019 Xilinx, Inc. All Rights Reserved.
Running: /bigsoft/Xilinx/Vivado/2019.1/bin/unwrapped/lnx64.o/xelab work.tb_PGCD -nolog -debug typical 
Multi-threading is on. Using 2 slave threads.
WARNING: [XSIM 43-3431] One or more environment variables have been detected which affect the operation of the C compiler. These are typically not set in standard installations and are not tested by Xilinx, however they may be appropriate for your system, so the flow will attempt to continue.  If errors occur, try running xelab with the "-mt off -v 1" switches to see more information from the C compiler. The following environment variables have been detected:
    LIBRARY_PATH
Starting static elaboration
Completed static elaboration
Starting simulation data flow analysis
Completed simulation data flow analysis
Time Resolution for simulation is 1ps
Compiling package std.standard
Compiling package std.textio
Compiling package ieee.std_logic_1164
Compiling package ieee.numeric_std
Compiling architecture beh of entity work.BDS [bds_default]
Compiling architecture beh of entity work.BDC [bdc_default]
Compiling architecture mixte of entity work.PC [pc_default]
Compiling architecture behavioral of entity work.FD8CE [fd8ce_default]
Compiling architecture adsu8_v of entity work.ADSU8 [adsu8_default]
Compiling architecture compm8_v of entity work.COMPM8 [compm8_default]
Compiling architecture mixte of entity work.PO [po_default]
Compiling architecture mixte of entity work.PGCD [pgcd_default]
Compiling architecture behavioral of entity work.tb_pgcd
Built simulation snapshot work.tb_PGCD

****** Webtalk v2019.1 (64-bit)
  **** SW Build 2552052 on Fri May 24 14:47:09 MDT 2019
  **** IP Build 2548770 on Fri May 24 18:01:18 MDT 2019
    ** Copyright 1986-2019 Xilinx, Inc. All Rights Reserved.

source /user/6/.base/vincentn/home/Documents/Ensimag-TP/TP/archi/TP4/src_etd/xsim.dir/work.tb_PGCD/webtalk/xsim_webtalk.tcl -notrace
INFO: [Common 17-206] Exiting Webtalk at Fri Feb 14 14:55:16 2020...
